<?xml version="1.0" encoding="UTF-8"?>
<!-- Generated by org.testng.reporters.JUnitReportReporter -->
<testsuite hostname="XHLT0124" name="task.Test3_FewMoreTasks_1" tests="2" failures="0" timestamp="15 Jul 2019 05:29:59 GMT" time="10.475" errors="0">
  <testcase name="validateHeader" time="10.087" classname="task.Test3_FewMoreTasks_1"/>
  <testcase name="verify" time="0.388" classname="task.Test3_FewMoreTasks_1"/>
</testsuite> <!-- task.Test3_FewMoreTasks_1 -->
