<?xml version="1.0" encoding="UTF-8"?>
<!-- Generated by org.testng.reporters.JUnitReportReporter -->
<testsuite hostname="XHLT0124" name="task.Task3_DateFormat" tests="1" failures="0" timestamp="5 Jul 2019 05:45:05 GMT" time="11.092" errors="0">
  <testcase name="getData" time="11.092" classname="task.Task3_DateFormat"/>
</testsuite> <!-- task.Task3_DateFormat -->
